<?xml version="1.0" encoding="UTF-8"?><testrun name="TestRunner" project="AtividadeSOC" tests="2" started="2" failures="0" errors="2" ignored="0">
  <testsuite name="runner.TestRunner" time="0.219">
    <testsuite name="Busca no Blog" time="0.181">
      <testcase name="Pesquisa no blog" classname="Busca no Blog" time="0.181">
        <error>java.lang.IllegalStateException: The driver executable must exist: C:\Users\mpastorp\ProjetoAtividadeSOC\AtividadeSOC\.\drivers\chromedriver.exe&#13;
	at org.openqa.selenium.internal.Require$FileStateChecker.isFile(Require.java:345)&#13;
	at org.openqa.selenium.remote.service.DriverFinder.getPath(DriverFinder.java:39)&#13;
	at org.openqa.selenium.chrome.ChromeDriver.generateExecutor(ChromeDriver.java:98)&#13;
	at org.openqa.selenium.chrome.ChromeDriver.&lt;init&gt;(ChromeDriver.java:88)&#13;
	at org.openqa.selenium.chrome.ChromeDriver.&lt;init&gt;(ChromeDriver.java:84)&#13;
	at org.openqa.selenium.chrome.ChromeDriver.&lt;init&gt;(ChromeDriver.java:73)&#13;
	at utils.GlobalDriver.get(GlobalDriver.java:16)&#13;
	at steps.Hooks.beforeEveryScenario(Hooks.java:25)&#13;
&#13;
</error>
      </testcase>
    </testsuite>
    <testsuite name="Buscar Credenciado" time="0.036">
      <testcase name="Pesquisa por empresa credenciada" classname="Buscar Credenciado" time="0.036">
        <error>java.lang.IllegalStateException: The driver executable must exist: C:\Users\mpastorp\ProjetoAtividadeSOC\AtividadeSOC\.\drivers\chromedriver.exe&#13;
	at org.openqa.selenium.internal.Require$FileStateChecker.isFile(Require.java:345)&#13;
	at org.openqa.selenium.remote.service.DriverFinder.getPath(DriverFinder.java:39)&#13;
	at org.openqa.selenium.chrome.ChromeDriver.generateExecutor(ChromeDriver.java:98)&#13;
	at org.openqa.selenium.chrome.ChromeDriver.&lt;init&gt;(ChromeDriver.java:88)&#13;
	at org.openqa.selenium.chrome.ChromeDriver.&lt;init&gt;(ChromeDriver.java:84)&#13;
	at org.openqa.selenium.chrome.ChromeDriver.&lt;init&gt;(ChromeDriver.java:73)&#13;
	at utils.GlobalDriver.get(GlobalDriver.java:16)&#13;
	at steps.Hooks.beforeEveryScenario(Hooks.java:25)&#13;
&#13;
</error>
      </testcase>
    </testsuite>
  </testsuite>
</testrun>
